This file contains any messages produced by compilers while
running configure, to aid debugging if configure makes a mistake.

It was created by helios configure rc2008, which was
generated by GNU Autoconf 2.68.  Invocation command line was

  $ ./configure 

## --------- ##
## Platform. ##
## --------- ##

hostname = olympus
uname -m = x86_64
uname -r = 3.4.2-1.fc16.x86_64
uname -s = Linux
uname -v = #1 SMP Thu Jun 14 20:17:26 UTC 2012

/usr/bin/uname -p = unknown
/bin/uname -X     = unknown

/bin/arch              = x86_64
/usr/bin/arch -k       = unknown
/usr/convex/getsysinfo = unknown
/usr/bin/hostinfo      = unknown
/bin/machine           = unknown
/usr/bin/oslevel       = unknown
/bin/universe          = unknown

PATH: /usr/lib64/qt-3.3/bin
PATH: /usr/lib64/ccache
PATH: /usr/local/bin
PATH: /usr/bin
PATH: /bin
PATH: /usr/games
PATH: /usr/local/sbin
PATH: /usr/sbin
PATH: /sbin
PATH: /home/bolacha/.local/bin
PATH: /home/bolacha/bin


## ----------- ##
## Core tests. ##
## ----------- ##

configure:2332: checking for a BSD-compatible install
configure:2400: result: /usr/bin/install -c
configure:2411: checking whether build environment is sane
configure:2461: result: yes
configure:2602: checking for a thread-safe mkdir -p
configure:2641: result: /bin/mkdir -p
configure:2654: checking for gawk
configure:2670: found /usr/bin/gawk
configure:2681: result: gawk
configure:2692: checking whether make sets $(MAKE)
configure:2714: result: yes
configure:2862: checking for g++
configure:2878: found /usr/lib64/ccache/g++
configure:2889: result: g++
configure:2916: checking for C++ compiler version
configure:2925: g++ --version >&5
g++ (GCC) 4.6.3 20120306 (Red Hat 4.6.3-2)
Copyright (C) 2011 Free Software Foundation, Inc.
This is free software; see the source for copying conditions.  There is NO
warranty; not even for MERCHANTABILITY or FITNESS FOR A PARTICULAR PURPOSE.

configure:2936: $? = 0
configure:2925: g++ -v >&5
Using built-in specs.
COLLECT_GCC=/usr/bin/g++
COLLECT_LTO_WRAPPER=/usr/libexec/gcc/x86_64-redhat-linux/4.6.3/lto-wrapper
Target: x86_64-redhat-linux
Configured with: ../configure --prefix=/usr --mandir=/usr/share/man --infodir=/usr/share/info --with-bugurl=http://bugzilla.redhat.com/bugzilla --enable-bootstrap --enable-shared --enable-threads=posix --enable-checking=release --with-system-zlib --enable-__cxa_atexit --disable-libunwind-exceptions --enable-gnu-unique-object --enable-linker-build-id --enable-languages=c,c++,objc,obj-c++,java,fortran,ada,go,lto --enable-plugin --enable-java-awt=gtk --disable-dssi --with-java-home=/usr/lib/jvm/java-1.5.0-gcj-1.5.0.0/jre --enable-libgcj-multifile --enable-java-maintainer-mode --with-ecj-jar=/usr/share/java/eclipse-ecj.jar --disable-libjava-multilib --with-ppl --with-cloog --with-tune=generic --with-arch_32=i686 --build=x86_64-redhat-linux
Thread model: posix
gcc version 4.6.3 20120306 (Red Hat 4.6.3-2) (GCC) 
configure:2936: $? = 0
configure:2925: g++ -V >&5
g++: error: unrecognized option '-V'
g++: fatal error: no input files
compilation terminated.
configure:2936: $? = 4
configure:2925: g++ -qversion >&5
g++: error: unrecognized option '-qversion'
g++: fatal error: no input files
compilation terminated.
configure:2936: $? = 4
configure:2956: checking whether the C++ compiler works
configure:2978: g++    conftest.cpp  >&5
configure:2982: $? = 0
configure:3030: result: yes
configure:3033: checking for C++ compiler default output file name
configure:3035: result: a.out
configure:3041: checking for suffix of executables
configure:3048: g++ -o conftest    conftest.cpp  >&5
configure:3052: $? = 0
configure:3074: result: 
configure:3096: checking whether we are cross compiling
configure:3104: g++ -o conftest    conftest.cpp  >&5
configure:3108: $? = 0
configure:3115: ./conftest
configure:3119: $? = 0
configure:3134: result: no
configure:3139: checking for suffix of object files
configure:3161: g++ -c   conftest.cpp >&5
configure:3165: $? = 0
configure:3186: result: o
configure:3190: checking whether we are using the GNU C++ compiler
configure:3209: g++ -c   conftest.cpp >&5
configure:3209: $? = 0
configure:3218: result: yes
configure:3227: checking whether g++ accepts -g
configure:3247: g++ -c -g  conftest.cpp >&5
configure:3247: $? = 0
configure:3288: result: yes
configure:3322: checking for style of include used by make
configure:3350: result: GNU
configure:3375: checking dependency style of g++
configure:3485: result: gcc3
configure:3548: checking for gcc
configure:3564: found /usr/lib64/ccache/gcc
configure:3575: result: gcc
configure:3804: checking for C compiler version
configure:3813: gcc --version >&5
gcc (GCC) 4.6.3 20120306 (Red Hat 4.6.3-2)
Copyright (C) 2011 Free Software Foundation, Inc.
This is free software; see the source for copying conditions.  There is NO
warranty; not even for MERCHANTABILITY or FITNESS FOR A PARTICULAR PURPOSE.

configure:3824: $? = 0
configure:3813: gcc -v >&5
Using built-in specs.
COLLECT_GCC=/usr/bin/gcc
COLLECT_LTO_WRAPPER=/usr/libexec/gcc/x86_64-redhat-linux/4.6.3/lto-wrapper
Target: x86_64-redhat-linux
Configured with: ../configure --prefix=/usr --mandir=/usr/share/man --infodir=/usr/share/info --with-bugurl=http://bugzilla.redhat.com/bugzilla --enable-bootstrap --enable-shared --enable-threads=posix --enable-checking=release --with-system-zlib --enable-__cxa_atexit --disable-libunwind-exceptions --enable-gnu-unique-object --enable-linker-build-id --enable-languages=c,c++,objc,obj-c++,java,fortran,ada,go,lto --enable-plugin --enable-java-awt=gtk --disable-dssi --with-java-home=/usr/lib/jvm/java-1.5.0-gcj-1.5.0.0/jre --enable-libgcj-multifile --enable-java-maintainer-mode --with-ecj-jar=/usr/share/java/eclipse-ecj.jar --disable-libjava-multilib --with-ppl --with-cloog --with-tune=generic --with-arch_32=i686 --build=x86_64-redhat-linux
Thread model: posix
gcc version 4.6.3 20120306 (Red Hat 4.6.3-2) (GCC) 
configure:3824: $? = 0
configure:3813: gcc -V >&5
gcc: error: unrecognized option '-V'
gcc: fatal error: no input files
compilation terminated.
configure:3824: $? = 4
configure:3813: gcc -qversion >&5
gcc: error: unrecognized option '-qversion'
gcc: fatal error: no input files
compilation terminated.
configure:3824: $? = 4
configure:3828: checking whether we are using the GNU C compiler
configure:3847: gcc -c   conftest.c >&5
configure:3847: $? = 0
configure:3856: result: yes
configure:3865: checking whether gcc accepts -g
configure:3885: gcc -c -g  conftest.c >&5
configure:3885: $? = 0
configure:3926: result: yes
configure:3943: checking for gcc option to accept ISO C89
configure:4007: gcc  -c -g -O2  conftest.c >&5
configure:4007: $? = 0
configure:4020: result: none needed
configure:4042: checking dependency style of gcc
configure:4152: result: gcc3
configure:4172: checking how to run the C preprocessor
configure:4203: gcc -E  conftest.c
configure:4203: $? = 0
configure:4217: gcc -E  conftest.c
conftest.c:11:28: fatal error: ac_nonexistent.h: No such file or directory
compilation terminated.
configure:4217: $? = 1
configure: failed program was:
| /* confdefs.h */
| #define PACKAGE_NAME "helios"
| #define PACKAGE_TARNAME "helios"
| #define PACKAGE_VERSION "rc2008"
| #define PACKAGE_STRING "helios rc2008"
| #define PACKAGE_BUGREPORT "akky@users.sourceforge.jp"
| #define PACKAGE_URL ""
| #define PACKAGE "helios"
| #define VERSION "rc2008"
| /* end confdefs.h.  */
| #include <ac_nonexistent.h>
configure:4242: result: gcc -E
configure:4262: gcc -E  conftest.c
configure:4262: $? = 0
configure:4276: gcc -E  conftest.c
conftest.c:11:28: fatal error: ac_nonexistent.h: No such file or directory
compilation terminated.
configure:4276: $? = 1
configure: failed program was:
| /* confdefs.h */
| #define PACKAGE_NAME "helios"
| #define PACKAGE_TARNAME "helios"
| #define PACKAGE_VERSION "rc2008"
| #define PACKAGE_STRING "helios rc2008"
| #define PACKAGE_BUGREPORT "akky@users.sourceforge.jp"
| #define PACKAGE_URL ""
| #define PACKAGE "helios"
| #define VERSION "rc2008"
| /* end confdefs.h.  */
| #include <ac_nonexistent.h>
configure:4304: checking whether ln -s works
configure:4308: result: yes
configure:4315: checking whether make sets $(MAKE)
configure:4337: result: yes
configure:4389: checking for ranlib
configure:4405: found /usr/bin/ranlib
configure:4416: result: ranlib
configure:4490: checking for boostlib >= 1.32.0
configure:4544: g++ -c -g -O2  -I/usr/include conftest.cpp >&5
configure:4544: $? = 0
configure:4546: result: yes
configure:4712: checking for cos in -lm
configure:4737: g++ -o conftest -g -O2  -I/usr/include  -L/usr/lib conftest.cpp -lm   >&5
configure:4737: $? = 0
configure:4746: result: yes
configure:4754: checking for deflate in -lz
configure:4779: g++ -o conftest -g -O2  -I/usr/include  -L/usr/lib conftest.cpp -lz  -lm  >&5
configure:4779: $? = 0
configure:4788: result: yes
configure:4800: checking for main in -lrcsc_geom
configure:4819: g++ -o conftest -g -O2  -I/usr/include  -L/usr/lib conftest.cpp -lrcsc_geom  -lz -lm  >&5
configure:4819: $? = 0
configure:4828: result: yes
configure:4836: checking for main in -lrcsc_rcg
configure:4855: g++ -o conftest -g -O2  -I/usr/include  -L/usr/lib conftest.cpp -lrcsc_rcg  -lrcsc_geom -lz -lm  >&5
configure:4855: $? = 0
configure:4864: result: yes
configure:4873: checking for main in -lrcsc_gz
configure:4892: g++ -o conftest -g -O2  -I/usr/include  -L/usr/lib conftest.cpp -lrcsc_gz  -lrcsc_rcg -lrcsc_geom -lz -lm  >&5
configure:4892: $? = 0
configure:4901: result: yes
configure:4912: checking for main in -lrcsc_param
configure:4931: g++ -o conftest -g -O2  -I/usr/include  -L/usr/lib conftest.cpp -lrcsc_param  -lrcsc_gz -lrcsc_rcg -lrcsc_geom -lz -lm  >&5
configure:4931: $? = 0
configure:4940: result: yes
configure:4948: checking for main in -lrcsc_time
configure:4967: g++ -o conftest -g -O2  -I/usr/include  -L/usr/lib conftest.cpp -lrcsc_time  -lrcsc_param -lrcsc_gz -lrcsc_rcg -lrcsc_geom -lz -lm  >&5
configure:4967: $? = 0
configure:4976: result: yes
configure:4984: checking for main in -lrcsc_net
configure:5003: g++ -o conftest -g -O2  -I/usr/include  -L/usr/lib conftest.cpp -lrcsc_net  -lrcsc_time -lrcsc_param -lrcsc_gz -lrcsc_rcg -lrcsc_geom -lz -lm  >&5
configure:5003: $? = 0
configure:5012: result: yes
configure:5020: checking for main in -lrcsc_ann
configure:5039: g++ -o conftest -g -O2  -I/usr/include  -L/usr/lib conftest.cpp -lrcsc_ann  -lrcsc_net -lrcsc_time -lrcsc_param -lrcsc_gz -lrcsc_rcg -lrcsc_geom -lz -lm  >&5
configure:5039: $? = 0
configure:5048: result: yes
configure:5056: checking for main in -lrcsc_agent
configure:5075: g++ -o conftest -g -O2  -I/usr/include  -L/usr/lib conftest.cpp -lrcsc_agent  -lrcsc_ann -lrcsc_net -lrcsc_time -lrcsc_param -lrcsc_gz -lrcsc_rcg -lrcsc_geom -lz -lm  >&5
configure:5075: $? = 0
configure:5084: result: yes
configure:5100: checking how to run the C++ preprocessor
configure:5127: g++ -E  -I/usr/include conftest.cpp
configure:5127: $? = 0
configure:5141: g++ -E  -I/usr/include conftest.cpp
conftest.cpp:14:28: fatal error: ac_nonexistent.h: No such file or directory
compilation terminated.
configure:5141: $? = 1
configure: failed program was:
| /* confdefs.h */
| #define PACKAGE_NAME "helios"
| #define PACKAGE_TARNAME "helios"
| #define PACKAGE_VERSION "rc2008"
| #define PACKAGE_STRING "helios rc2008"
| #define PACKAGE_BUGREPORT "akky@users.sourceforge.jp"
| #define PACKAGE_URL ""
| #define PACKAGE "helios"
| #define VERSION "rc2008"
| #define HAVE_BOOST /**/
| #define HAVE_LIBZ 1
| #define HAVE_LIBRCSC_GZ 1
| /* end confdefs.h.  */
| #include <ac_nonexistent.h>
configure:5166: result: g++ -E
configure:5186: g++ -E  -I/usr/include conftest.cpp
configure:5186: $? = 0
configure:5200: g++ -E  -I/usr/include conftest.cpp
conftest.cpp:14:28: fatal error: ac_nonexistent.h: No such file or directory
compilation terminated.
configure:5200: $? = 1
configure: failed program was:
| /* confdefs.h */
| #define PACKAGE_NAME "helios"
| #define PACKAGE_TARNAME "helios"
| #define PACKAGE_VERSION "rc2008"
| #define PACKAGE_STRING "helios rc2008"
| #define PACKAGE_BUGREPORT "akky@users.sourceforge.jp"
| #define PACKAGE_URL ""
| #define PACKAGE "helios"
| #define VERSION "rc2008"
| #define HAVE_BOOST /**/
| #define HAVE_LIBZ 1
| #define HAVE_LIBRCSC_GZ 1
| /* end confdefs.h.  */
| #include <ac_nonexistent.h>
configure:5229: checking for grep that handles long lines and -e
configure:5287: result: /bin/grep
configure:5292: checking for egrep
configure:5354: result: /bin/grep -E
configure:5359: checking for ANSI C header files
configure:5379: g++ -c -g -O2  -I/usr/include conftest.cpp >&5
configure:5379: $? = 0
configure:5452: g++ -o conftest -g -O2  -I/usr/include  -L/usr/lib conftest.cpp -lrcsc_agent -lrcsc_ann -lrcsc_net -lrcsc_time -lrcsc_param -lrcsc_gz -lrcsc_rcg -lrcsc_geom -lz -lm  >&5
configure:5452: $? = 0
configure:5452: ./conftest
./conftest: error while loading shared libraries: librcsc_agent.so.7: cannot open shared object file: No such file or directory
configure:5452: $? = 127
configure: program exited with status 127
configure: failed program was:
| /* confdefs.h */
| #define PACKAGE_NAME "helios"
| #define PACKAGE_TARNAME "helios"
| #define PACKAGE_VERSION "rc2008"
| #define PACKAGE_STRING "helios rc2008"
| #define PACKAGE_BUGREPORT "akky@users.sourceforge.jp"
| #define PACKAGE_URL ""
| #define PACKAGE "helios"
| #define VERSION "rc2008"
| #define HAVE_BOOST /**/
| #define HAVE_LIBZ 1
| #define HAVE_LIBRCSC_GZ 1
| /* end confdefs.h.  */
| #include <ctype.h>
| #include <stdlib.h>
| #if ((' ' & 0x0FF) == 0x020)
| # define ISLOWER(c) ('a' <= (c) && (c) <= 'z')
| # define TOUPPER(c) (ISLOWER(c) ? 'A' + ((c) - 'a') : (c))
| #else
| # define ISLOWER(c) 		   (('a' <= (c) && (c) <= 'i') 		     || ('j' <= (c) && (c) <= 'r') 		     || ('s' <= (c) && (c) <= 'z'))
| # define TOUPPER(c) (ISLOWER(c) ? ((c) | 0x40) : (c))
| #endif
| 
| #define XOR(e, f) (((e) && !(f)) || (!(e) && (f)))
| int
| main ()
| {
|   int i;
|   for (i = 0; i < 256; i++)
|     if (XOR (islower (i), ISLOWER (i))
| 	|| toupper (i) != TOUPPER (i))
|       return 2;
|   return 0;
| }
configure:5463: result: no
configure:5476: checking for sys/types.h
configure:5476: g++ -c -g -O2  -I/usr/include conftest.cpp >&5
configure:5476: $? = 0
configure:5476: result: yes
configure:5476: checking for sys/stat.h
configure:5476: g++ -c -g -O2  -I/usr/include conftest.cpp >&5
configure:5476: $? = 0
configure:5476: result: yes
configure:5476: checking for stdlib.h
configure:5476: g++ -c -g -O2  -I/usr/include conftest.cpp >&5
configure:5476: $? = 0
configure:5476: result: yes
configure:5476: checking for string.h
configure:5476: g++ -c -g -O2  -I/usr/include conftest.cpp >&5
configure:5476: $? = 0
configure:5476: result: yes
configure:5476: checking for memory.h
configure:5476: g++ -c -g -O2  -I/usr/include conftest.cpp >&5
configure:5476: $? = 0
configure:5476: result: yes
configure:5476: checking for strings.h
configure:5476: g++ -c -g -O2  -I/usr/include conftest.cpp >&5
configure:5476: $? = 0
configure:5476: result: yes
configure:5476: checking for inttypes.h
configure:5476: g++ -c -g -O2  -I/usr/include conftest.cpp >&5
configure:5476: $? = 0
configure:5476: result: yes
configure:5476: checking for stdint.h
configure:5476: g++ -c -g -O2  -I/usr/include conftest.cpp >&5
configure:5476: $? = 0
configure:5476: result: yes
configure:5476: checking for unistd.h
configure:5476: g++ -c -g -O2  -I/usr/include conftest.cpp >&5
configure:5476: $? = 0
configure:5476: result: yes
configure:5490: checking rcsc/types.h usability
configure:5490: g++ -c -g -O2  -I/usr/include conftest.cpp >&5
configure:5490: $? = 0
configure:5490: result: yes
configure:5490: checking rcsc/types.h presence
configure:5490: g++ -E  -I/usr/include conftest.cpp
configure:5490: $? = 0
configure:5490: result: yes
configure:5490: checking for rcsc/types.h
configure:5490: result: yes
configure:5504: checking for stdbool.h that conforms to C99
configure:5571: g++ -c -g -O2  -I/usr/include conftest.cpp >&5
configure:5571: $? = 0
configure:5578: result: yes
configure:5580: checking for _Bool
configure:5580: g++ -c -g -O2  -I/usr/include conftest.cpp >&5
conftest.cpp: In function 'int main()':
conftest.cpp:60:13: error: '_Bool' was not declared in this scope
configure:5580: $? = 1
configure: failed program was:
| /* confdefs.h */
| #define PACKAGE_NAME "helios"
| #define PACKAGE_TARNAME "helios"
| #define PACKAGE_VERSION "rc2008"
| #define PACKAGE_STRING "helios rc2008"
| #define PACKAGE_BUGREPORT "akky@users.sourceforge.jp"
| #define PACKAGE_URL ""
| #define PACKAGE "helios"
| #define VERSION "rc2008"
| #define HAVE_BOOST /**/
| #define HAVE_LIBZ 1
| #define HAVE_LIBRCSC_GZ 1
| #define HAVE_SYS_TYPES_H 1
| #define HAVE_SYS_STAT_H 1
| #define HAVE_STDLIB_H 1
| #define HAVE_STRING_H 1
| #define HAVE_MEMORY_H 1
| #define HAVE_STRINGS_H 1
| #define HAVE_INTTYPES_H 1
| #define HAVE_STDINT_H 1
| #define HAVE_UNISTD_H 1
| #define HAVE_RCSC_TYPES_H 1
| /* end confdefs.h.  */
| #include <stdio.h>
| #ifdef HAVE_SYS_TYPES_H
| # include <sys/types.h>
| #endif
| #ifdef HAVE_SYS_STAT_H
| # include <sys/stat.h>
| #endif
| #ifdef STDC_HEADERS
| # include <stdlib.h>
| # include <stddef.h>
| #else
| # ifdef HAVE_STDLIB_H
| #  include <stdlib.h>
| # endif
| #endif
| #ifdef HAVE_STRING_H
| # if !defined STDC_HEADERS && defined HAVE_MEMORY_H
| #  include <memory.h>
| # endif
| # include <string.h>
| #endif
| #ifdef HAVE_STRINGS_H
| # include <strings.h>
| #endif
| #ifdef HAVE_INTTYPES_H
| # include <inttypes.h>
| #endif
| #ifdef HAVE_STDINT_H
| # include <stdint.h>
| #endif
| #ifdef HAVE_UNISTD_H
| # include <unistd.h>
| #endif
| int
| main ()
| {
| if (sizeof (_Bool))
| 	 return 0;
|   ;
|   return 0;
| }
configure:5580: result: no
configure:5596: checking for an ANSI C-conforming const
configure:5661: g++ -c -g -O2  -I/usr/include conftest.cpp >&5
configure:5661: $? = 0
configure:5668: result: yes
configure:5676: checking for inline
configure:5692: g++ -c -g -O2  -I/usr/include conftest.cpp >&5
configure:5692: $? = 0
configure:5700: result: inline
configure:5718: checking for size_t
configure:5718: g++ -c -g -O2  -I/usr/include conftest.cpp >&5
configure:5718: $? = 0
configure:5718: g++ -c -g -O2  -I/usr/include conftest.cpp >&5
conftest.cpp: In function 'int main()':
conftest.cpp:61:20: error: expected primary-expression before ')' token
configure:5718: $? = 1
configure: failed program was:
| /* confdefs.h */
| #define PACKAGE_NAME "helios"
| #define PACKAGE_TARNAME "helios"
| #define PACKAGE_VERSION "rc2008"
| #define PACKAGE_STRING "helios rc2008"
| #define PACKAGE_BUGREPORT "akky@users.sourceforge.jp"
| #define PACKAGE_URL ""
| #define PACKAGE "helios"
| #define VERSION "rc2008"
| #define HAVE_BOOST /**/
| #define HAVE_LIBZ 1
| #define HAVE_LIBRCSC_GZ 1
| #define HAVE_SYS_TYPES_H 1
| #define HAVE_SYS_STAT_H 1
| #define HAVE_STDLIB_H 1
| #define HAVE_STRING_H 1
| #define HAVE_MEMORY_H 1
| #define HAVE_STRINGS_H 1
| #define HAVE_INTTYPES_H 1
| #define HAVE_STDINT_H 1
| #define HAVE_UNISTD_H 1
| #define HAVE_RCSC_TYPES_H 1
| #define HAVE_STDBOOL_H 1
| /* end confdefs.h.  */
| #include <stdio.h>
| #ifdef HAVE_SYS_TYPES_H
| # include <sys/types.h>
| #endif
| #ifdef HAVE_SYS_STAT_H
| # include <sys/stat.h>
| #endif
| #ifdef STDC_HEADERS
| # include <stdlib.h>
| # include <stddef.h>
| #else
| # ifdef HAVE_STDLIB_H
| #  include <stdlib.h>
| # endif
| #endif
| #ifdef HAVE_STRING_H
| # if !defined STDC_HEADERS && defined HAVE_MEMORY_H
| #  include <memory.h>
| # endif
| # include <string.h>
| #endif
| #ifdef HAVE_STRINGS_H
| # include <strings.h>
| #endif
| #ifdef HAVE_INTTYPES_H
| # include <inttypes.h>
| #endif
| #ifdef HAVE_STDINT_H
| # include <stdint.h>
| #endif
| #ifdef HAVE_UNISTD_H
| # include <unistd.h>
| #endif
| int
| main ()
| {
| if (sizeof ((size_t)))
| 	    return 0;
|   ;
|   return 0;
| }
configure:5718: result: yes
configure:5729: checking whether time.h and sys/time.h may both be included
configure:5749: g++ -c -g -O2  -I/usr/include conftest.cpp >&5
configure:5749: $? = 0
configure:5756: result: yes
configure:5783: checking for ANSI C header files
configure:5887: result: no
configure:5898: checking for floor
configure:5898: g++ -o conftest -g -O2  -I/usr/include  -L/usr/lib conftest.cpp -lrcsc_agent -lrcsc_ann -lrcsc_net -lrcsc_time -lrcsc_param -lrcsc_gz -lrcsc_rcg -lrcsc_geom -lz -lm  >&5
configure:5898: $? = 0
configure:5898: result: yes
configure:5898: checking for pow
configure:5898: g++ -o conftest -g -O2  -I/usr/include  -L/usr/lib conftest.cpp -lrcsc_agent -lrcsc_ann -lrcsc_net -lrcsc_time -lrcsc_param -lrcsc_gz -lrcsc_rcg -lrcsc_geom -lz -lm  >&5
configure:5898: $? = 0
configure:5898: result: yes
configure:5898: checking for sqrt
configure:5898: g++ -o conftest -g -O2  -I/usr/include  -L/usr/lib conftest.cpp -lrcsc_agent -lrcsc_ann -lrcsc_net -lrcsc_time -lrcsc_param -lrcsc_gz -lrcsc_rcg -lrcsc_geom -lz -lm  >&5
configure:5898: $? = 0
configure:5898: result: yes
configure:5898: checking for strerror
configure:5898: g++ -o conftest -g -O2  -I/usr/include  -L/usr/lib conftest.cpp -lrcsc_agent -lrcsc_ann -lrcsc_net -lrcsc_time -lrcsc_param -lrcsc_gz -lrcsc_rcg -lrcsc_geom -lz -lm  >&5
configure:5898: $? = 0
configure:5898: result: yes
configure:6044: creating ./config.status

## ---------------------- ##
## Running config.status. ##
## ---------------------- ##

This file was extended by helios config.status rc2008, which was
generated by GNU Autoconf 2.68.  Invocation command line was

  CONFIG_FILES    = 
  CONFIG_HEADERS  = 
  CONFIG_LINKS    = 
  CONFIG_COMMANDS = 
  $ ./config.status 

on olympus

config.status:884: creating Doxyfile
config.status:884: creating Makefile
config.status:884: creating src/Makefile
config.status:884: creating src/reconnect.sh
config.status:884: creating src/start.sh
config.status:884: creating config.h
config.status:1065: config.h is unchanged
config.status:1113: executing depfiles commands

## ---------------- ##
## Cache variables. ##
## ---------------- ##

ac_cv_c_compiler_gnu=yes
ac_cv_c_const=yes
ac_cv_c_inline=inline
ac_cv_cxx_compiler_gnu=yes
ac_cv_env_CCC_set=
ac_cv_env_CCC_value=
ac_cv_env_CC_set=
ac_cv_env_CC_value=
ac_cv_env_CFLAGS_set=
ac_cv_env_CFLAGS_value=
ac_cv_env_CPPFLAGS_set=
ac_cv_env_CPPFLAGS_value=
ac_cv_env_CPP_set=
ac_cv_env_CPP_value=
ac_cv_env_CXXCPP_set=
ac_cv_env_CXXCPP_value=
ac_cv_env_CXXFLAGS_set=
ac_cv_env_CXXFLAGS_value=
ac_cv_env_CXX_set=
ac_cv_env_CXX_value=
ac_cv_env_LDFLAGS_set=
ac_cv_env_LDFLAGS_value=
ac_cv_env_LIBS_set=
ac_cv_env_LIBS_value=
ac_cv_env_build_alias_set=
ac_cv_env_build_alias_value=
ac_cv_env_host_alias_set=
ac_cv_env_host_alias_value=
ac_cv_env_target_alias_set=
ac_cv_env_target_alias_value=
ac_cv_func_floor=yes
ac_cv_func_pow=yes
ac_cv_func_sqrt=yes
ac_cv_func_strerror=yes
ac_cv_header_inttypes_h=yes
ac_cv_header_memory_h=yes
ac_cv_header_rcsc_types_h=yes
ac_cv_header_stdbool_h=yes
ac_cv_header_stdc=no
ac_cv_header_stdint_h=yes
ac_cv_header_stdlib_h=yes
ac_cv_header_string_h=yes
ac_cv_header_strings_h=yes
ac_cv_header_sys_stat_h=yes
ac_cv_header_sys_types_h=yes
ac_cv_header_time=yes
ac_cv_header_unistd_h=yes
ac_cv_lib_m_cos=yes
ac_cv_lib_rcsc_agent_main=yes
ac_cv_lib_rcsc_ann_main=yes
ac_cv_lib_rcsc_geom_main=yes
ac_cv_lib_rcsc_gz_main=yes
ac_cv_lib_rcsc_net_main=yes
ac_cv_lib_rcsc_param_main=yes
ac_cv_lib_rcsc_rcg_main=yes
ac_cv_lib_rcsc_time_main=yes
ac_cv_lib_z_deflate=yes
ac_cv_objext=o
ac_cv_path_EGREP='/bin/grep -E'
ac_cv_path_GREP=/bin/grep
ac_cv_path_install='/usr/bin/install -c'
ac_cv_path_mkdir=/bin/mkdir
ac_cv_prog_AWK=gawk
ac_cv_prog_CPP='gcc -E'
ac_cv_prog_CXXCPP='g++ -E'
ac_cv_prog_ac_ct_CC=gcc
ac_cv_prog_ac_ct_CXX=g++
ac_cv_prog_ac_ct_RANLIB=ranlib
ac_cv_prog_cc_c89=
ac_cv_prog_cc_g=yes
ac_cv_prog_cxx_g=yes
ac_cv_prog_make_make_set=yes
ac_cv_type__Bool=no
ac_cv_type_size_t=yes
am_cv_CC_dependencies_compiler_type=gcc3
am_cv_CXX_dependencies_compiler_type=gcc3

## ----------------- ##
## Output variables. ##
## ----------------- ##

ACLOCAL='${SHELL} /home/bolacha/teste/RoboCup2012/config/missing --run aclocal-1.11'
AMDEPBACKSLASH='\'
AMDEP_FALSE='#'
AMDEP_TRUE=''
AMTAR='${SHELL} /home/bolacha/teste/RoboCup2012/config/missing --run tar'
AUTOCONF='${SHELL} /home/bolacha/teste/RoboCup2012/config/missing --run autoconf'
AUTOHEADER='${SHELL} /home/bolacha/teste/RoboCup2012/config/missing --run autoheader'
AUTOMAKE='${SHELL} /home/bolacha/teste/RoboCup2012/config/missing --run automake-1.11'
AWK='gawk'
BOOST_CPPFLAGS='-I/usr/include'
BOOST_LDFLAGS='-L/usr/lib'
CC='gcc'
CCDEPMODE='depmode=gcc3'
CFLAGS='-g -O2'
CPP='gcc -E'
CPPFLAGS=' -I/usr/include'
CXX='g++'
CXXCPP='g++ -E'
CXXDEPMODE='depmode=gcc3'
CXXFLAGS='-g -O2'
CYGPATH_W='echo'
DEFS='-DHAVE_CONFIG_H'
DEPDIR='.deps'
ECHO_C=''
ECHO_N='-n'
ECHO_T=''
EGREP='/bin/grep -E'
EXEEXT=''
GREP='/bin/grep'
INSTALL_DATA='${INSTALL} -m 644'
INSTALL_PROGRAM='${INSTALL}'
INSTALL_SCRIPT='${INSTALL}'
INSTALL_STRIP_PROGRAM='$(install_sh) -c -s'
LDFLAGS=' -L/usr/lib'
LIBOBJS=''
LIBRCSCLIB='/usr/local/lib'
LIBS='-lrcsc_agent -lrcsc_ann -lrcsc_net -lrcsc_time -lrcsc_param -lrcsc_gz -lrcsc_rcg -lrcsc_geom -lz -lm '
LN_S='ln -s'
LTLIBOBJS=''
MAKEINFO='${SHELL} /home/bolacha/teste/RoboCup2012/config/missing --run makeinfo'
MKDIR_P='/bin/mkdir -p'
OBJEXT='o'
PACKAGE='helios'
PACKAGE_BUGREPORT='akky@users.sourceforge.jp'
PACKAGE_NAME='helios'
PACKAGE_STRING='helios rc2008'
PACKAGE_TARNAME='helios'
PACKAGE_URL=''
PACKAGE_VERSION='rc2008'
PATH_SEPARATOR=':'
RANLIB='ranlib'
SET_MAKE=''
SHELL='/bin/sh'
STRIP=''
VERSION='rc2008'
ac_ct_CC='gcc'
ac_ct_CXX='g++'
am__EXEEXT_FALSE=''
am__EXEEXT_TRUE='#'
am__fastdepCC_FALSE='#'
am__fastdepCC_TRUE=''
am__fastdepCXX_FALSE='#'
am__fastdepCXX_TRUE=''
am__include='include'
am__isrc=''
am__leading_dot='.'
am__quote=''
am__tar='${AMTAR} chof - "$$tardir"'
am__untar='${AMTAR} xf -'
bindir='${exec_prefix}/bin'
build_alias=''
datadir='${datarootdir}'
datarootdir='${prefix}/share'
docdir='${datarootdir}/doc/${PACKAGE_TARNAME}'
dvidir='${docdir}'
exec_prefix='${prefix}'
host_alias=''
htmldir='${docdir}'
includedir='${prefix}/include'
infodir='${datarootdir}/info'
install_sh='${SHELL} /home/bolacha/teste/RoboCup2012/config/install-sh'
libdir='${exec_prefix}/lib'
libexecdir='${exec_prefix}/libexec'
localedir='${datarootdir}/locale'
localstatedir='${prefix}/var'
mandir='${datarootdir}/man'
mkdir_p='/bin/mkdir -p'
oldincludedir='/usr/include'
pdfdir='${docdir}'
prefix='/usr/local'
program_transform_name='s,x,x,'
psdir='${docdir}'
sbindir='${exec_prefix}/sbin'
sharedstatedir='${prefix}/com'
sysconfdir='${prefix}/etc'
target_alias=''

## ----------- ##
## confdefs.h. ##
## ----------- ##

/* confdefs.h */
#define PACKAGE_NAME "helios"
#define PACKAGE_TARNAME "helios"
#define PACKAGE_VERSION "rc2008"
#define PACKAGE_STRING "helios rc2008"
#define PACKAGE_BUGREPORT "akky@users.sourceforge.jp"
#define PACKAGE_URL ""
#define PACKAGE "helios"
#define VERSION "rc2008"
#define HAVE_BOOST /**/
#define HAVE_LIBZ 1
#define HAVE_LIBRCSC_GZ 1
#define HAVE_SYS_TYPES_H 1
#define HAVE_SYS_STAT_H 1
#define HAVE_STDLIB_H 1
#define HAVE_STRING_H 1
#define HAVE_MEMORY_H 1
#define HAVE_STRINGS_H 1
#define HAVE_INTTYPES_H 1
#define HAVE_STDINT_H 1
#define HAVE_UNISTD_H 1
#define HAVE_RCSC_TYPES_H 1
#define HAVE_STDBOOL_H 1
#define TIME_WITH_SYS_TIME 1
#define HAVE_FLOOR 1
#define HAVE_POW 1
#define HAVE_SQRT 1
#define HAVE_STRERROR 1

configure: exit 0
